<?xml version="1.0" encoding="UTF-8"?>
<testsuites>
  <testsuite name="" tests="149" assertions="582" failures="0" errors="0" time="0.928925">
    <testsuite name="All" tests="149" assertions="582" failures="0" errors="0" time="0.928925">
      <testsuite name="BuildRegisterTest" file="/home/marcio/P/phpbrew/tests/PhpBrew/BuildRegisterTest.php" tests="1" assertions="0" failures="0" errors="0" time="0.043525">
        <testcase name="testBuildRegister" class="BuildRegisterTest" file="/home/marcio/P/phpbrew/tests/PhpBrew/BuildRegisterTest.php" line="10" assertions="0" time="0.043525"/>
      </testsuite>
      <testsuite name="BuildTest" file="/home/marcio/P/phpbrew/tests/PhpBrew/BuildTest.php" tests="2" assertions="6" failures="0" errors="0" time="0.001403">
        <testcase name="testBuildAPI" class="BuildTest" file="/home/marcio/P/phpbrew/tests/PhpBrew/BuildTest.php" line="8" assertions="5" time="0.001058"/>
        <testcase name="testNeutralVirtualVariant" class="BuildTest" file="/home/marcio/P/phpbrew/tests/PhpBrew/BuildTest.php" line="28" assertions="1" time="0.000345"/>
      </testsuite>
      <testsuite name="CommandBuilderTest" file="/home/marcio/P/phpbrew/tests/PhpBrew/CommandBuilderTest.php" tests="9" assertions="17" failures="0" errors="0" time="0.100015">
        <testcase name="test" class="CommandBuilderTest" file="/home/marcio/P/phpbrew/tests/PhpBrew/CommandBuilderTest.php" line="8" assertions="1" time="0.014737"/>
        <testsuite name="CommandBuilderTest::testGetCommand" tests="8" assertions="16" failures="0" errors="0" time="0.085278">
          <testcase name="testGetCommand with data set #0" assertions="2" time="0.038058"/>
          <testcase name="testGetCommand with data set #1" assertions="2" time="0.009060"/>
          <testcase name="testGetCommand with data set #2" assertions="2" time="0.007017"/>
          <testcase name="testGetCommand with data set #3" assertions="2" time="0.006921"/>
          <testcase name="testGetCommand with data set #4" assertions="2" time="0.006355"/>
          <testcase name="testGetCommand with data set #5" assertions="2" time="0.006345"/>
          <testcase name="testGetCommand with data set #6" assertions="2" time="0.005827"/>
          <testcase name="testGetCommand with data set #7" assertions="2" time="0.005695"/>
        </testsuite>
      </testsuite>
      <testsuite name="ConfigTest" file="/home/marcio/P/phpbrew/tests/PhpBrew/ConfigTest.php" tests="24" assertions="301" failures="0" errors="0" time="0.047963">
        <testcase name="test" class="ConfigTest" file="/home/marcio/P/phpbrew/tests/PhpBrew/ConfigTest.php" line="13" assertions="0" time="0.000478"/>
        <testcase name="testGetPhpbrewHomeWhenHOMEIsNotDefined" class="ConfigTest" file="/home/marcio/P/phpbrew/tests/PhpBrew/ConfigTest.php" line="23" assertions="13" time="0.001157"/>
        <testcase name="testGetPhpbrewHomeWhenHOMEIsDefined" class="ConfigTest" file="/home/marcio/P/phpbrew/tests/PhpBrew/ConfigTest.php" line="35" assertions="13" time="0.000896"/>
        <testcase name="testGetPhpbrewHomeWhenPHPBREW_HOMEIsDefined" class="ConfigTest" file="/home/marcio/P/phpbrew/tests/PhpBrew/ConfigTest.php" line="46" assertions="13" time="0.000847"/>
        <testcase name="testGetPhpbrewRootWhenPHPBREW_ROOTIsDefined" class="ConfigTest" file="/home/marcio/P/phpbrew/tests/PhpBrew/ConfigTest.php" line="53" assertions="13" time="0.000857"/>
        <testcase name="testGetPhpbrewRootWhenHOMEIsDefined" class="ConfigTest" file="/home/marcio/P/phpbrew/tests/PhpBrew/ConfigTest.php" line="60" assertions="13" time="0.000838"/>
        <testcase name="testGetVariants" class="ConfigTest" file="/home/marcio/P/phpbrew/tests/PhpBrew/ConfigTest.php" line="71" assertions="13" time="0.000850"/>
        <testcase name="testGetBuildDir" class="ConfigTest" file="/home/marcio/P/phpbrew/tests/PhpBrew/ConfigTest.php" line="78" assertions="13" time="0.000854"/>
        <testcase name="testGetDistFileDir" class="ConfigTest" file="/home/marcio/P/phpbrew/tests/PhpBrew/ConfigTest.php" line="85" assertions="13" time="0.000852"/>
        <testcase name="testGetTempFileDir" class="ConfigTest" file="/home/marcio/P/phpbrew/tests/PhpBrew/ConfigTest.php" line="92" assertions="13" time="0.000856"/>
        <testcase name="testGetCurrentPhpName" class="ConfigTest" file="/home/marcio/P/phpbrew/tests/PhpBrew/ConfigTest.php" line="99" assertions="13" time="0.000799"/>
        <testcase name="testGetCurrentBuildDir" class="ConfigTest" file="/home/marcio/P/phpbrew/tests/PhpBrew/ConfigTest.php" line="107" assertions="13" time="0.000801"/>
        <testcase name="testGetPHPReleaseListPath" class="ConfigTest" file="/home/marcio/P/phpbrew/tests/PhpBrew/ConfigTest.php" line="115" assertions="13" time="0.000804"/>
        <testcase name="testGetInstallPrefix" class="ConfigTest" file="/home/marcio/P/phpbrew/tests/PhpBrew/ConfigTest.php" line="122" assertions="13" time="0.000804"/>
        <testcase name="testGetVersionInstallPrefix" class="ConfigTest" file="/home/marcio/P/phpbrew/tests/PhpBrew/ConfigTest.php" line="129" assertions="13" time="0.000811"/>
        <testcase name="testGetVersionEtcPath" class="ConfigTest" file="/home/marcio/P/phpbrew/tests/PhpBrew/ConfigTest.php" line="136" assertions="13" time="0.000792"/>
        <testcase name="testGetVersionBinPath" class="ConfigTest" file="/home/marcio/P/phpbrew/tests/PhpBrew/ConfigTest.php" line="143" assertions="13" time="0.000960"/>
        <testcase name="testGetCurrentPhpConfigBin" class="ConfigTest" file="/home/marcio/P/phpbrew/tests/PhpBrew/ConfigTest.php" line="150" assertions="13" time="0.000809"/>
        <testcase name="testGetCurrentPhpizeBin" class="ConfigTest" file="/home/marcio/P/phpbrew/tests/PhpBrew/ConfigTest.php" line="160" assertions="13" time="0.000775"/>
        <testcase name="testGetCurrentPhpConfigScanPath" class="ConfigTest" file="/home/marcio/P/phpbrew/tests/PhpBrew/ConfigTest.php" line="170" assertions="13" time="0.000757"/>
        <testcase name="testGetCurrentPhpDir" class="ConfigTest" file="/home/marcio/P/phpbrew/tests/PhpBrew/ConfigTest.php" line="180" assertions="13" time="0.000746"/>
        <testcase name="testGetLookupPrefix" class="ConfigTest" file="/home/marcio/P/phpbrew/tests/PhpBrew/ConfigTest.php" line="190" assertions="13" time="0.000741"/>
        <testcase name="testGetCurrentPhpBin" class="ConfigTest" file="/home/marcio/P/phpbrew/tests/PhpBrew/ConfigTest.php" line="200" assertions="13" time="0.000744"/>
        <testcase name="testGetConfigParam" class="ConfigTest" file="/home/marcio/P/phpbrew/tests/PhpBrew/ConfigTest.php" line="210" assertions="15" time="0.029135"/>
      </testsuite>
      <testsuite name="PhpBrew\Distribution\DistributionUrlPolicyTest" file="/home/marcio/P/phpbrew/tests/PhpBrew/Distribution/DistributionUrlPolicyTest.php" tests="6" assertions="6" failures="0" errors="0" time="0.025188">
        <testsuite name="PhpBrew\Distribution\DistributionUrlPolicyTest::testBuildUrl" tests="5" assertions="5" failures="0" errors="0" time="0.025036">
          <testcase name="testBuildUrl with data set #0" assertions="1" time="0.024454"/>
          <testcase name="testBuildUrl with data set #1" assertions="1" time="0.000135"/>
          <testcase name="testBuildUrl with data set #2" assertions="1" time="0.000112"/>
          <testcase name="testBuildUrl with data set #3" assertions="1" time="0.000159"/>
          <testcase name="testBuildUrl with data set #4" assertions="1" time="0.000176"/>
        </testsuite>
        <testcase name="testBuildUrlWhenMirrorSiteIsUsed" class="PhpBrew\Distribution\DistributionUrlPolicyTest" file="/home/marcio/P/phpbrew/tests/PhpBrew/Distribution/DistributionUrlPolicyTest.php" line="27" assertions="1" time="0.000152"/>
      </testsuite>
      <testsuite name="PhpBrew\Extension\Provider\ExtensionDslParserTest" file="/home/marcio/P/phpbrew/tests/PhpBrew/Extension/Provider/RepositoryDslParserTest.php" tests="16" assertions="16" failures="0" errors="0" time="0.003199">
        <testsuite name="PhpBrew\Extension\Provider\ExtensionDslParserTest::testGithubDsl" tests="16" assertions="16" failures="0" errors="0" time="0.003199">
          <testcase name="testGithubDsl with data set #0" assertions="1" time="0.000590"/>
          <testcase name="testGithubDsl with data set #1" assertions="1" time="0.000168"/>
          <testcase name="testGithubDsl with data set #2" assertions="1" time="0.000166"/>
          <testcase name="testGithubDsl with data set #3" assertions="1" time="0.000250"/>
          <testcase name="testGithubDsl with data set #4" assertions="1" time="0.000174"/>
          <testcase name="testGithubDsl with data set #5" assertions="1" time="0.000154"/>
          <testcase name="testGithubDsl with data set #6" assertions="1" time="0.000161"/>
          <testcase name="testGithubDsl with data set #7" assertions="1" time="0.000153"/>
          <testcase name="testGithubDsl with data set #8" assertions="1" time="0.000162"/>
          <testcase name="testGithubDsl with data set #9" assertions="1" time="0.000153"/>
          <testcase name="testGithubDsl with data set #10" assertions="1" time="0.000154"/>
          <testcase name="testGithubDsl with data set #11" assertions="1" time="0.000227"/>
          <testcase name="testGithubDsl with data set #12" assertions="1" time="0.000218"/>
          <testcase name="testGithubDsl with data set #13" assertions="1" time="0.000160"/>
          <testcase name="testGithubDsl with data set #14" assertions="1" time="0.000154"/>
          <testcase name="testGithubDsl with data set #15" assertions="1" time="0.000154"/>
        </testsuite>
      </testsuite>
      <testsuite name="PhpBrew\Patch\RegexpPatchRuleTest" file="/home/marcio/P/phpbrew/tests/PhpBrew/Patch/RegexpPatchRuleTest.php" tests="7" assertions="7" failures="0" errors="0" time="0.012209">
        <testcase name="testAllOfWithoutCondition" class="PhpBrew\Patch\RegexpPatchRuleTest" file="/home/marcio/P/phpbrew/tests/PhpBrew/Patch/RegexpPatchRuleTest.php" line="9" assertions="1" time="0.010626"/>
        <testcase name="testAllOfWithSingleCondition" class="PhpBrew\Patch\RegexpPatchRuleTest" file="/home/marcio/P/phpbrew/tests/PhpBrew/Patch/RegexpPatchRuleTest.php" line="33" assertions="1" time="0.000253"/>
        <testcase name="testCreateAllOfWithMultipleConditions" class="PhpBrew\Patch\RegexpPatchRuleTest" file="/home/marcio/P/phpbrew/tests/PhpBrew/Patch/RegexpPatchRuleTest.php" line="57" assertions="1" time="0.000294"/>
        <testcase name="testAlways" class="PhpBrew\Patch\RegexpPatchRuleTest" file="/home/marcio/P/phpbrew/tests/PhpBrew/Patch/RegexpPatchRuleTest.php" line="83" assertions="1" time="0.000308"/>
        <testcase name="testAnyOfWithoutCondition" class="PhpBrew\Patch\RegexpPatchRuleTest" file="/home/marcio/P/phpbrew/tests/PhpBrew/Patch/RegexpPatchRuleTest.php" line="102" assertions="1" time="0.000265"/>
        <testcase name="testAnyOfWithSingleCondition" class="PhpBrew\Patch\RegexpPatchRuleTest" file="/home/marcio/P/phpbrew/tests/PhpBrew/Patch/RegexpPatchRuleTest.php" line="126" assertions="1" time="0.000188"/>
        <testcase name="testAnyOfWithMultipleConditions" class="PhpBrew\Patch\RegexpPatchRuleTest" file="/home/marcio/P/phpbrew/tests/PhpBrew/Patch/RegexpPatchRuleTest.php" line="150" assertions="1" time="0.000275"/>
      </testsuite>
      <testsuite name="PhpBrew\Patch\RegexpPatchTest" file="/home/marcio/P/phpbrew/tests/PhpBrew/Patch/RegexpPatchTest.php" tests="2" assertions="10" failures="0" errors="0" time="0.060897">
        <testcase name="testEnableBackup" class="PhpBrew\Patch\RegexpPatchTest" file="/home/marcio/P/phpbrew/tests/PhpBrew/Patch/RegexpPatchTest.php" line="22" assertions="5" time="0.043584"/>
        <testcase name="testApply" class="PhpBrew\Patch\RegexpPatchTest" file="/home/marcio/P/phpbrew/tests/PhpBrew/Patch/RegexpPatchTest.php" line="48" assertions="5" time="0.017313"/>
      </testsuite>
      <testsuite name="PatchUtilsTest" file="/home/marcio/P/phpbrew/tests/PhpBrew/PatchUtilsTest.php" tests="1" assertions="1" failures="0" errors="0" time="0.052421">
        <testcase name="test" class="PatchUtilsTest" file="/home/marcio/P/phpbrew/tests/PhpBrew/PatchUtilsTest.php" line="9" assertions="1" time="0.052421"/>
      </testsuite>
      <testsuite name="PhpBrew\Platform\Linux\CentOSTest" file="/home/marcio/P/phpbrew/tests/PhpBrew/Platform/Linux/CentOSTest.php" tests="2" assertions="2" failures="0" errors="0" time="0.026670">
        <testcase name="testIsDebian" class="PhpBrew\Platform\Linux\CentOSTest" file="/home/marcio/P/phpbrew/tests/PhpBrew/Platform/Linux/CentOSTest.php" line="16" assertions="1" time="0.026376"/>
        <testcase name="testIsCentOS" class="PhpBrew\Platform\Linux\CentOSTest" file="/home/marcio/P/phpbrew/tests/PhpBrew/Platform/Linux/CentOSTest.php" line="21" assertions="1" time="0.000294"/>
      </testsuite>
      <testsuite name="PhpBrew\Platform\Linux\DebianTest" file="/home/marcio/P/phpbrew/tests/PhpBrew/Platform/Linux/DebianTest.php" tests="2" assertions="2" failures="0" errors="0" time="0.001468">
        <testcase name="testIsDebian" class="PhpBrew\Platform\Linux\DebianTest" file="/home/marcio/P/phpbrew/tests/PhpBrew/Platform/Linux/DebianTest.php" line="16" assertions="1" time="0.001198"/>
        <testcase name="testIsCentOS" class="PhpBrew\Platform\Linux\DebianTest" file="/home/marcio/P/phpbrew/tests/PhpBrew/Platform/Linux/DebianTest.php" line="21" assertions="1" time="0.000270"/>
      </testsuite>
      <testsuite name="PhpBrew\Platform\Linux\UnknownDistributionTest" file="/home/marcio/P/phpbrew/tests/PhpBrew/Platform/Linux/UnknownDistributionTest.php" tests="3" assertions="3" failures="0" errors="0" time="0.016505">
        <testcase name="testGetVersion" class="PhpBrew\Platform\Linux\UnknownDistributionTest" file="/home/marcio/P/phpbrew/tests/PhpBrew/Platform/Linux/UnknownDistributionTest.php" line="16" assertions="1" time="0.016117"/>
        <testcase name="testIsDebian" class="PhpBrew\Platform\Linux\UnknownDistributionTest" file="/home/marcio/P/phpbrew/tests/PhpBrew/Platform/Linux/UnknownDistributionTest.php" line="21" assertions="1" time="0.000212"/>
        <testcase name="testIsCentOS" class="PhpBrew\Platform\Linux\UnknownDistributionTest" file="/home/marcio/P/phpbrew/tests/PhpBrew/Platform/Linux/UnknownDistributionTest.php" line="26" assertions="1" time="0.000176"/>
      </testsuite>
      <testsuite name="PhpBrew\Platform\LinuxTest" file="/home/marcio/P/phpbrew/tests/PhpBrew/Platform/LinuxTest.php" tests="7" assertions="7" failures="0" errors="0" time="0.001625">
        <testcase name="testIs32bitWhenHardwareIs32bit" class="PhpBrew\Platform\LinuxTest" file="/home/marcio/P/phpbrew/tests/PhpBrew/Platform/LinuxTest.php" line="23" assertions="1" time="0.000332"/>
        <testcase name="testIs64bit" class="PhpBrew\Platform\LinuxTest" file="/home/marcio/P/phpbrew/tests/PhpBrew/Platform/LinuxTest.php" line="29" assertions="1" time="0.000212"/>
        <testcase name="testIsMac" class="PhpBrew\Platform\LinuxTest" file="/home/marcio/P/phpbrew/tests/PhpBrew/Platform/LinuxTest.php" line="35" assertions="1" time="0.000214"/>
        <testcase name="testIsLinux" class="PhpBrew\Platform\LinuxTest" file="/home/marcio/P/phpbrew/tests/PhpBrew/Platform/LinuxTest.php" line="40" assertions="1" time="0.000199"/>
        <testcase name="testIsDebian" class="PhpBrew\Platform\LinuxTest" file="/home/marcio/P/phpbrew/tests/PhpBrew/Platform/LinuxTest.php" line="45" assertions="1" time="0.000188"/>
        <testcase name="testIsCentOS" class="PhpBrew\Platform\LinuxTest" file="/home/marcio/P/phpbrew/tests/PhpBrew/Platform/LinuxTest.php" line="50" assertions="1" time="0.000240"/>
        <testcase name="testGetOSMajorVersion" class="PhpBrew\Platform\LinuxTest" file="/home/marcio/P/phpbrew/tests/PhpBrew/Platform/LinuxTest.php" line="55" assertions="1" time="0.000240"/>
      </testsuite>
      <testsuite name="PhpBrew\Platform\MacTest" file="/home/marcio/P/phpbrew/tests/PhpBrew/Platform/MacTest.php" tests="6" assertions="6" failures="0" errors="0" time="0.007335">
        <testcase name="testIs32bitWhenHardwareIs32bit" class="PhpBrew\Platform\MacTest" file="/home/marcio/P/phpbrew/tests/PhpBrew/Platform/MacTest.php" line="18" assertions="1" time="0.006404"/>
        <testcase name="testIs64bit" class="PhpBrew\Platform\MacTest" file="/home/marcio/P/phpbrew/tests/PhpBrew/Platform/MacTest.php" line="24" assertions="1" time="0.000205"/>
        <testcase name="testIsMac" class="PhpBrew\Platform\MacTest" file="/home/marcio/P/phpbrew/tests/PhpBrew/Platform/MacTest.php" line="30" assertions="1" time="0.000175"/>
        <testcase name="testIsLinux" class="PhpBrew\Platform\MacTest" file="/home/marcio/P/phpbrew/tests/PhpBrew/Platform/MacTest.php" line="35" assertions="1" time="0.000172"/>
        <testcase name="testIsDebian" class="PhpBrew\Platform\MacTest" file="/home/marcio/P/phpbrew/tests/PhpBrew/Platform/MacTest.php" line="40" assertions="1" time="0.000213"/>
        <testcase name="testIsCentOS" class="PhpBrew\Platform\MacTest" file="/home/marcio/P/phpbrew/tests/PhpBrew/Platform/MacTest.php" line="45" assertions="1" time="0.000166"/>
      </testsuite>
      <testsuite name="PhpBrew\Platform\PlatformInfoTest" file="/home/marcio/P/phpbrew/tests/PhpBrew/Platform/PlatformInfoTest.php" tests="3" assertions="3" failures="0" errors="0" time="0.002202">
        <testcase name="testCreateMacPlatform" class="PhpBrew\Platform\PlatformInfoTest" file="/home/marcio/P/phpbrew/tests/PhpBrew/Platform/PlatformInfoTest.php" line="9" assertions="1" time="0.000269"/>
        <testcase name="testCreateLinuxPlatform" class="PhpBrew\Platform\PlatformInfoTest" file="/home/marcio/P/phpbrew/tests/PhpBrew/Platform/PlatformInfoTest.php" line="17" assertions="1" time="0.000269"/>
        <testcase name="testCreateUnknownPlatform" class="PhpBrew\Platform\PlatformInfoTest" file="/home/marcio/P/phpbrew/tests/PhpBrew/Platform/PlatformInfoTest.php" line="25" assertions="1" time="0.001664"/>
      </testsuite>
      <testsuite name="PhpBrew\Platform\UnixLikeHardwareTest" file="/home/marcio/P/phpbrew/tests/PhpBrew/Platform/UnixLikeHardwareTest.php" tests="2" assertions="4" failures="0" errors="0" time="0.000385">
        <testcase name="testBitnessWhenHardwareIs64Bit" class="PhpBrew\Platform\UnixLikeHardwareTest" file="/home/marcio/P/phpbrew/tests/PhpBrew/Platform/UnixLikeHardwareTest.php" line="9" assertions="2" time="0.000213"/>
        <testcase name="testBitnessWhenHardwareIs32Bit" class="PhpBrew\Platform\UnixLikeHardwareTest" file="/home/marcio/P/phpbrew/tests/PhpBrew/Platform/UnixLikeHardwareTest.php" line="16" assertions="2" time="0.000172"/>
      </testsuite>
      <testsuite name="PhpBrew\Platform\UnknownPlatformTest" file="/home/marcio/P/phpbrew/tests/PhpBrew/Platform/UnknownPlatformTest.php" tests="7" assertions="7" failures="0" errors="0" time="0.001139">
        <testcase name="testIs32bit" class="PhpBrew\Platform\UnknownPlatformTest" file="/home/marcio/P/phpbrew/tests/PhpBrew/Platform/UnknownPlatformTest.php" line="16" assertions="1" time="0.000187"/>
        <testcase name="testIs64bit" class="PhpBrew\Platform\UnknownPlatformTest" file="/home/marcio/P/phpbrew/tests/PhpBrew/Platform/UnknownPlatformTest.php" line="21" assertions="1" time="0.000152"/>
        <testcase name="testIsMac" class="PhpBrew\Platform\UnknownPlatformTest" file="/home/marcio/P/phpbrew/tests/PhpBrew/Platform/UnknownPlatformTest.php" line="26" assertions="1" time="0.000143"/>
        <testcase name="testIsLinux" class="PhpBrew\Platform\UnknownPlatformTest" file="/home/marcio/P/phpbrew/tests/PhpBrew/Platform/UnknownPlatformTest.php" line="31" assertions="1" time="0.000142"/>
        <testcase name="testIsDebian" class="PhpBrew\Platform\UnknownPlatformTest" file="/home/marcio/P/phpbrew/tests/PhpBrew/Platform/UnknownPlatformTest.php" line="36" assertions="1" time="0.000140"/>
        <testcase name="testIsCentOS" class="PhpBrew\Platform\UnknownPlatformTest" file="/home/marcio/P/phpbrew/tests/PhpBrew/Platform/UnknownPlatformTest.php" line="41" assertions="1" time="0.000141"/>
        <testcase name="testGetOSVersion" class="PhpBrew\Platform\UnknownPlatformTest" file="/home/marcio/P/phpbrew/tests/PhpBrew/Platform/UnknownPlatformTest.php" line="46" assertions="1" time="0.000234"/>
      </testsuite>
      <testsuite name="ReleaseListTest" file="/home/marcio/P/phpbrew/tests/PhpBrew/ReleaseListTest.php" tests="9" assertions="103" failures="0" errors="0" time="0.074446">
        <testcase name="testGetVersions" class="ReleaseListTest" file="/home/marcio/P/phpbrew/tests/PhpBrew/ReleaseListTest.php" line="17" assertions="1" time="0.054193"/>
        <testsuite name="ReleaseListTest::testLatestPatchVersion" tests="4" assertions="8" failures="0" errors="0" time="0.010139">
          <testcase name="testLatestPatchVersion with data set #0" assertions="2" time="0.002737"/>
          <testcase name="testLatestPatchVersion with data set #1" assertions="2" time="0.002657"/>
          <testcase name="testLatestPatchVersion with data set #2" assertions="2" time="0.002477"/>
          <testcase name="testLatestPatchVersion with data set #3" assertions="2" time="0.002268"/>
        </testsuite>
        <testsuite name="ReleaseListTest::testGetLatestVersion" tests="4" assertions="94" failures="0" errors="0" time="0.010114">
          <testcase name="testGetLatestVersion with data set #0" assertions="31" time="0.002863"/>
          <testcase name="testGetLatestVersion with data set #1" assertions="37" time="0.002614"/>
          <testcase name="testGetLatestVersion with data set #2" assertions="21" time="0.002685"/>
          <testcase name="testGetLatestVersion with data set #3" assertions="5" time="0.001952"/>
        </testsuite>
      </testsuite>
      <testsuite name="PhpBrew\Tasks\MakeTaskTest" file="/home/marcio/P/phpbrew/tests/PhpBrew/Tasks/MakeTaskTest.php" tests="5" assertions="6" failures="0" errors="0" time="0.034273">
        <testcase name="testMakeInstall" class="PhpBrew\Tasks\MakeTaskTest" file="/home/marcio/P/phpbrew/tests/PhpBrew/Tasks/MakeTaskTest.php" line="28" assertions="1" time="0.018135"/>
        <testcase name="testMakeClean" class="PhpBrew\Tasks\MakeTaskTest" file="/home/marcio/P/phpbrew/tests/PhpBrew/Tasks/MakeTaskTest.php" line="33" assertions="1" time="0.007559"/>
        <testcase name="testRunWithValidTarget" class="PhpBrew\Tasks\MakeTaskTest" file="/home/marcio/P/phpbrew/tests/PhpBrew/Tasks/MakeTaskTest.php" line="38" assertions="1" time="0.007778"/>
        <testcase name="testWhenThereIsNoMakefile" class="PhpBrew\Tasks\MakeTaskTest" file="/home/marcio/P/phpbrew/tests/PhpBrew/Tasks/MakeTaskTest.php" line="44" assertions="1" time="0.000481"/>
        <testcase name="testSetQuiet" class="PhpBrew\Tasks\MakeTaskTest" file="/home/marcio/P/phpbrew/tests/PhpBrew/Tasks/MakeTaskTest.php" line="52" assertions="2" time="0.000320"/>
      </testsuite>
      <testsuite name="PhpBrew\Tasks\Patch64BitSupportTaskTest" file="/home/marcio/P/phpbrew/tests/PhpBrew/Tasks/Patch64BitSupportTaskTest.php" tests="1" assertions="5" failures="0" errors="0" time="0.027179">
        <testcase name="test" class="PhpBrew\Tasks\Patch64BitSupportTaskTest" file="/home/marcio/P/phpbrew/tests/PhpBrew/Tasks/Patch64BitSupportTaskTest.php" line="23" assertions="5" time="0.027179"/>
      </testsuite>
      <testsuite name="UtilsTest" file="/home/marcio/P/phpbrew/tests/PhpBrew/UtilsTest.php" tests="4" assertions="6" failures="0" errors="0" time="0.055536">
        <testcase name="test" class="UtilsTest" file="/home/marcio/P/phpbrew/tests/PhpBrew/UtilsTest.php" line="10" assertions="1" time="0.000214"/>
        <testcase name="testLookupPrefix" class="UtilsTest" file="/home/marcio/P/phpbrew/tests/PhpBrew/UtilsTest.php" line="15" assertions="1" time="0.000629"/>
        <testcase name="testPrefix" class="UtilsTest" file="/home/marcio/P/phpbrew/tests/PhpBrew/UtilsTest.php" line="20" assertions="2" time="0.054046"/>
        <testcase name="testFindbin" class="UtilsTest" file="/home/marcio/P/phpbrew/tests/PhpBrew/UtilsTest.php" line="26" assertions="2" time="0.000647"/>
      </testsuite>
      <testsuite name="VariantBuilderTest" file="/home/marcio/P/phpbrew/tests/PhpBrew/VariantBuilderTest.php" tests="5" assertions="25" failures="0" errors="0" time="0.277097">
        <testcase name="test" class="VariantBuilderTest" file="/home/marcio/P/phpbrew/tests/PhpBrew/VariantBuilderTest.php" line="8" assertions="9" time="0.083652"/>
        <testcase name="testEverything" class="VariantBuilderTest" file="/home/marcio/P/phpbrew/tests/PhpBrew/VariantBuilderTest.php" line="37" assertions="4" time="0.186997"/>
        <testcase name="testMysqlPdoVariant" class="VariantBuilderTest" file="/home/marcio/P/phpbrew/tests/PhpBrew/VariantBuilderTest.php" line="55" assertions="6" time="0.002256"/>
        <testcase name="testAllVariant" class="VariantBuilderTest" file="/home/marcio/P/phpbrew/tests/PhpBrew/VariantBuilderTest.php" line="74" assertions="4" time="0.002640"/>
        <testcase name="testNeutralVirtualVariant" class="VariantBuilderTest" file="/home/marcio/P/phpbrew/tests/PhpBrew/VariantBuilderTest.php" line="94" assertions="2" time="0.001552"/>
      </testsuite>
      <testsuite name="VariantParserTest" file="/home/marcio/P/phpbrew/tests/PhpBrew/VariantParserTest.php" tests="8" assertions="17" failures="0" errors="0" time="0.034947">
        <testcase name="test" class="VariantParserTest" file="/home/marcio/P/phpbrew/tests/PhpBrew/VariantParserTest.php" line="14" assertions="6" time="0.031654"/>
        <testcase name="testVariantAll" class="VariantParserTest" file="/home/marcio/P/phpbrew/tests/PhpBrew/VariantParserTest.php" line="30" assertions="5" time="0.000614"/>
        <testsuite name="VariantParserTest::testVariantGroupOverload" tests="5" assertions="5" failures="0" errors="0" time="0.002298">
          <testcase name="testVariantGroupOverload with data set #0" assertions="1" time="0.000590"/>
          <testcase name="testVariantGroupOverload with data set #1" assertions="1" time="0.000452"/>
          <testcase name="testVariantGroupOverload with data set #2" assertions="1" time="0.000408"/>
          <testcase name="testVariantGroupOverload with data set #3" assertions="1" time="0.000421"/>
          <testcase name="testVariantGroupOverload with data set #4" assertions="1" time="0.000427"/>
        </testsuite>
        <testcase name="testBug495" class="VariantParserTest" file="/home/marcio/P/phpbrew/tests/PhpBrew/VariantParserTest.php" line="65" assertions="1" time="0.000381"/>
      </testsuite>
      <testsuite name="PhpBrew\ExtensionDslParserTest" file="/home/marcio/P/phpbrew/tests/PhpBrew/VersionDslParserTest.php" tests="13" assertions="13" failures="0" errors="0" time="0.020469">
        <testsuite name="PhpBrew\ExtensionDslParserTest::testGithubDsl" tests="13" assertions="13" failures="0" errors="0" time="0.020469">
          <testcase name="testGithubDsl with data set #0" assertions="1" time="0.017593"/>
          <testcase name="testGithubDsl with data set #1" assertions="1" time="0.000346"/>
          <testcase name="testGithubDsl with data set #2" assertions="1" time="0.000311"/>
          <testcase name="testGithubDsl with data set #3" assertions="1" time="0.000194"/>
          <testcase name="testGithubDsl with data set #4" assertions="1" time="0.000316"/>
          <testcase name="testGithubDsl with data set #5" assertions="1" time="0.000237"/>
          <testcase name="testGithubDsl with data set #6" assertions="1" time="0.000219"/>
          <testcase name="testGithubDsl with data set #7" assertions="1" time="0.000219"/>
          <testcase name="testGithubDsl with data set #8" assertions="1" time="0.000217"/>
          <testcase name="testGithubDsl with data set #9" assertions="1" time="0.000226"/>
          <testcase name="testGithubDsl with data set #10" assertions="1" time="0.000215"/>
          <testcase name="testGithubDsl with data set #11" assertions="1" time="0.000214"/>
          <testcase name="testGithubDsl with data set #12" assertions="1" time="0.000161"/>
        </testsuite>
      </testsuite>
      <testsuite name="VersionTest" file="/home/marcio/P/phpbrew/tests/PhpBrew/VersionTest.php" tests="4" assertions="9" failures="0" errors="0" time="0.000829">
        <testcase name="testVersionConstructor" class="VersionTest" file="/home/marcio/P/phpbrew/tests/PhpBrew/VersionTest.php" line="9" assertions="5" time="0.000429"/>
        <testcase name="testFindLastPatchVersion" class="VersionTest" file="/home/marcio/P/phpbrew/tests/PhpBrew/VersionTest.php" line="21" assertions="1" time="0.000108"/>
        <testcase name="testHasPatchVersion" class="VersionTest" file="/home/marcio/P/phpbrew/tests/PhpBrew/VersionTest.php" line="26" assertions="2" time="0.000121"/>
        <testcase name="testGetPatchVersion" class="VersionTest" file="/home/marcio/P/phpbrew/tests/PhpBrew/VersionTest.php" line="31" assertions="1" time="0.000171"/>
      </testsuite>
    </testsuite>
  </testsuite>
</testsuites>
